<?xml version="1.0" encoding="UTF-8"?>
<testng-results ignored="0" total="1" passed="1" failed="0" skipped="0">
  <reporter-output>
  </reporter-output>
  <suite started-at="2025-02-09T01:36:37 IST" name="Suite" finished-at="2025-02-09T01:36:57 IST" duration-ms="20345">
    <groups>
    </groups>
    <test started-at="2025-02-09T01:36:37 IST" name="Test" finished-at="2025-02-09T01:36:57 IST" duration-ms="20345">
      <class name="Testcase.TC_JB1">
        <test-method is-config="true" signature="setup()[pri:0, instance:Testcase.TC_JB1@72d1ad2e]" started-at="2025-02-09T01:36:37 IST" name="setup" finished-at="2025-02-09T01:36:39 IST" duration-ms="2365" status="PASS">
          <reporter-output>
          </reporter-output>
        </test-method> <!-- setup -->
        <test-method is-config="true" signature="login()[pri:0, instance:Testcase.TC_JB1@72d1ad2e]" started-at="2025-02-09T01:36:39 IST" name="login" finished-at="2025-02-09T01:36:41 IST" duration-ms="1999" status="PASS">
          <reporter-output>
          </reporter-output>
        </test-method> <!-- login -->
        <test-method signature="Jobspage()[pri:0, instance:Testcase.TC_JB1@72d1ad2e]" started-at="2025-02-09T01:36:41 IST" name="Jobspage" finished-at="2025-02-09T01:36:54 IST" duration-ms="12518" status="PASS">
          <reporter-output>
          </reporter-output>
        </test-method> <!-- Jobspage -->
        <test-method is-config="true" signature="Exit()[pri:0, instance:Testcase.TC_JB1@72d1ad2e]" started-at="2025-02-09T01:36:54 IST" name="Exit" finished-at="2025-02-09T01:36:57 IST" duration-ms="3008" status="PASS">
          <reporter-output>
          </reporter-output>
        </test-method> <!-- Exit -->
      </class> <!-- Testcase.TC_JB1 -->
    </test> <!-- Test -->
  </suite> <!-- Suite -->
</testng-results>
