<?xml version="1.0" encoding="UTF-8"?>
<testng-results ignored="0" total="1" passed="1" failed="0" skipped="0">
  <reporter-output>
  </reporter-output>
  <suite started-at="2025-02-09T01:00:12 IST" name="Default suite" finished-at="2025-02-09T01:00:41 IST" duration-ms="28879">
    <groups>
    </groups>
    <test started-at="2025-02-09T01:00:12 IST" name="Default test" finished-at="2025-02-09T01:00:41 IST" duration-ms="28879">
      <class name="Testcase.TC_JB1">
        <test-method is-config="true" signature="setup()[pri:0, instance:Testcase.TC_JB1@279fedbd]" started-at="2025-02-09T01:00:12 IST" name="setup" finished-at="2025-02-09T01:00:16 IST" duration-ms="4030" status="PASS">
          <reporter-output>
          </reporter-output>
        </test-method> <!-- setup -->
        <test-method is-config="true" signature="login()[pri:0, instance:Testcase.TC_JB1@279fedbd]" started-at="2025-02-09T01:00:16 IST" name="login" finished-at="2025-02-09T01:00:18 IST" duration-ms="2106" status="PASS">
          <reporter-output>
          </reporter-output>
        </test-method> <!-- login -->
        <test-method signature="Jobspage()[pri:0, instance:Testcase.TC_JB1@279fedbd]" started-at="2025-02-09T01:00:18 IST" name="Jobspage" finished-at="2025-02-09T01:00:38 IST" duration-ms="19566" status="PASS">
          <reporter-output>
          </reporter-output>
        </test-method> <!-- Jobspage -->
        <test-method is-config="true" signature="Exit()[pri:0, instance:Testcase.TC_JB1@279fedbd]" started-at="2025-02-09T01:00:38 IST" name="Exit" finished-at="2025-02-09T01:00:41 IST" duration-ms="3014" status="PASS">
          <reporter-output>
          </reporter-output>
        </test-method> <!-- Exit -->
      </class> <!-- Testcase.TC_JB1 -->
    </test> <!-- Default test -->
  </suite> <!-- Default suite -->
</testng-results>
